<?xml version="1.0" encoding="UTF-8"?>
<!-- Generated by org.testng.reporters.JUnitXMLReporter -->
<testsuite hostname="Alchemy-01" ignored="0" name="Default test" tests="3" failures="0" timestamp="08 May 2018 13:07:37 GMT" time="16.268" errors="0">
  <testcase name="loginPageTitleTest" time="0.027" classname="org.alchemy.testcases.LoginPageTest"/>
  <testcase name="hdfcErgoImageTest" time="0.101" classname="org.alchemy.testcases.LoginPageTest"/>
  <testcase name="loginTest" time="0.366" classname="org.alchemy.testcases.LoginPageTest"/>
</testsuite> <!-- Default test -->
